<?xml version="1.0" encoding="UTF-8"?>
<!-- Generated by org.testng.reporters.JUnitReportReporter -->
<testsuite hostname="ISIPLMUMLP320" failures="0" tests="6" name="com.autoarc.testcases.HomePage" time="68.627" errors="0" timestamp="2025-05-08T20:12:49 IST" skipped="0">
  <testcase classname="com.autoarc.testcases.HomePage" name="appView" time="5.152"/>
  <system-out/>
  <testcase classname="com.autoarc.testcases.HomePage" name="verifyHomePageBanner" time="10.273"/>
  <system-out/>
  <testcase classname="com.autoarc.testcases.HomePage" name="verifyInvalidSearch" time="10.892"/>
  <system-out/>
  <testcase classname="com.autoarc.testcases.HomePage" name="verifyValidSearch" time="10.214"/>
  <system-out/>
  <testcase classname="com.autoarc.testcases.HomePage" name="productSearch" time="10.436"/>
  <system-out/>
  <testcase classname="com.autoarc.testcases.HomePage" name="langCheck" time="21.660"/>
  <system-out/>
</testsuite> <!-- com.autoarc.testcases.HomePage -->
