<?xml version="1.0" encoding="UTF-8"?>
<!-- Generated by org.testng.reporters.JUnitReportReporter -->
<testsuite hostname="ISIPLMUMLP320" failures="0" tests="1" name="com.autoarc.testcases.LoginTest" time="5.147" errors="0" timestamp="2025-05-08T12:27:44 IST" skipped="0">
  <testcase classname="com.autoarc.testcases.LoginTest" name="appView" time="5.147"/>
  <system-out/>
</testsuite> <!-- com.autoarc.testcases.LoginTest -->
