<?xml version="1.0" encoding="UTF-8"?>
<!-- Generated by org.testng.reporters.JUnitReportReporter -->
<testsuite hostname="ISIPLMUMLP320" failures="0" tests="6" name="com.autoarc.testcases.HomePage" time="72.372" errors="0" timestamp="2025-05-12T10:31:22 IST" skipped="0">
  <testcase classname="com.autoarc.testcases.HomePage" name="appView" time="5.381"/>
  <system-out/>
  <testcase classname="com.autoarc.testcases.HomePage" name="verifyHomePageBanner" time="10.175"/>
  <system-out/>
  <testcase classname="com.autoarc.testcases.HomePage" name="verifyInvalidSearch" time="10.735"/>
  <system-out/>
  <testcase classname="com.autoarc.testcases.HomePage" name="verifyValidSearch" time="10.276"/>
  <system-out/>
  <testcase classname="com.autoarc.testcases.HomePage" name="productSearch" time="10.387"/>
  <system-out/>
  <testcase classname="com.autoarc.testcases.HomePage" name="langCheck" time="25.418"/>
  <system-out/>
</testsuite> <!-- com.autoarc.testcases.HomePage -->
